<?xml version="1.0" encoding="UTF-8"?>
<testng-results ignored="0" total="6" passed="3" failed="3" skipped="0">
  <reporter-output>
  </reporter-output>
  <suite started-at="2020-05-01T15:34:19 EEST" name="All Test Suite" finished-at="2020-05-01T15:36:25 EEST" duration-ms="125778">
    <groups>
    </groups>
    <test started-at="2020-05-01T15:34:19 EEST" name="C:/Users/Alexandr/IdeaProjects/Homework 6" finished-at="2020-05-01T15:36:25 EEST" duration-ms="125778">
      <class name="RegistrationTest">
        <test-method is-config="true" signature="createDriver()[pri:0, instance:RegistrationTest@dbd940d]" started-at="2020-05-01T15:35:10 EEST" name="createDriver" finished-at="2020-05-01T15:35:26 EEST" duration-ms="15639" status="PASS">
          <reporter-output>
          </reporter-output>
        </test-method> <!-- createDriver -->
        <test-method signature="regTest()[pri:0, instance:RegistrationTest@dbd940d]" started-at="2020-05-01T15:35:26 EEST" name="regTest" finished-at="2020-05-01T15:35:37 EEST" duration-ms="10877" status="FAIL">
          <exception class="java.lang.AssertionError">
            <message>
              <![CDATA[expected [https://learn.letskodeit.com/] but found [https://sso.teachable.com/secure/42299/users?flow_school_id=42299]]]>
            </message>
            <full-stacktrace>
              <![CDATA[java.lang.AssertionError: expected [https://learn.letskodeit.com/] but found [https://sso.teachable.com/secure/42299/users?flow_school_id=42299]
at org.testng.Assert.fail(Assert.java:97)
at org.testng.Assert.assertEqualsImpl(Assert.java:136)
at org.testng.Assert.assertEquals(Assert.java:118)
at org.testng.Assert.assertEquals(Assert.java:575)
at org.testng.Assert.assertEquals(Assert.java:585)
at RegistrationTest.regTest(RegistrationTest.java:38)
at java.base/jdk.internal.reflect.NativeMethodAccessorImpl.invoke0(Native Method)
at java.base/jdk.internal.reflect.NativeMethodAccessorImpl.invoke(NativeMethodAccessorImpl.java:62)
at java.base/jdk.internal.reflect.DelegatingMethodAccessorImpl.invoke(DelegatingMethodAccessorImpl.java:43)
at java.base/java.lang.reflect.Method.invoke(Method.java:567)
at org.testng.internal.MethodInvocationHelper.invokeMethod(MethodInvocationHelper.java:134)
at org.testng.internal.TestInvoker.invokeMethod(TestInvoker.java:597)
at org.testng.internal.TestInvoker.invokeTestMethod(TestInvoker.java:173)
at org.testng.internal.MethodRunner.runInSequence(MethodRunner.java:46)
at org.testng.internal.TestInvoker$MethodInvocationAgent.invoke(TestInvoker.java:816)
at org.testng.internal.TestInvoker.invokeTestMethods(TestInvoker.java:146)
at org.testng.internal.TestMethodWorker.invokeTestMethods(TestMethodWorker.java:146)
at org.testng.internal.TestMethodWorker.run(TestMethodWorker.java:128)
at java.base/java.util.ArrayList.forEach(ArrayList.java:1507)
at org.testng.TestRunner.privateRun(TestRunner.java:766)
at org.testng.TestRunner.run(TestRunner.java:587)
at org.testng.SuiteRunner.runTest(SuiteRunner.java:384)
at org.testng.SuiteRunner.runSequentially(SuiteRunner.java:378)
at org.testng.SuiteRunner.privateRun(SuiteRunner.java:337)
at org.testng.SuiteRunner.run(SuiteRunner.java:286)
at org.testng.SuiteRunnerWorker.runSuite(SuiteRunnerWorker.java:53)
at org.testng.SuiteRunnerWorker.run(SuiteRunnerWorker.java:96)
at org.testng.TestNG.runSuitesSequentially(TestNG.java:1187)
at org.testng.TestNG.runSuitesLocally(TestNG.java:1109)
at org.testng.TestNG.runSuites(TestNG.java:1039)
at org.testng.TestNG.run(TestNG.java:1007)
at com.intellij.rt.testng.IDEARemoteTestNG.run(IDEARemoteTestNG.java:66)
at com.intellij.rt.testng.RemoteTestNGStarter.main(RemoteTestNGStarter.java:110)
]]>
            </full-stacktrace>
          </exception> <!-- java.lang.AssertionError -->
          <reporter-output>
          </reporter-output>
        </test-method> <!-- regTest -->
        <test-method is-config="true" signature="clouseDriver()[pri:0, instance:RegistrationTest@dbd940d]" started-at="2020-05-01T15:35:37 EEST" name="clouseDriver" finished-at="2020-05-01T15:35:37 EEST" duration-ms="454" status="PASS">
          <reporter-output>
          </reporter-output>
        </test-method> <!-- clouseDriver -->
        <test-method is-config="true" signature="createDriver()[pri:0, instance:RegistrationTest@dbd940d]" started-at="2020-05-01T15:35:37 EEST" name="createDriver" finished-at="2020-05-01T15:35:52 EEST" duration-ms="14681" status="PASS">
          <reporter-output>
          </reporter-output>
        </test-method> <!-- createDriver -->
        <test-method signature="testDoubleDate(java.lang.String, java.lang.String, java.lang.String, java.lang.String)[pri:0, instance:RegistrationTest@dbd940d]" started-at="2020-05-01T15:35:52 EEST" name="testDoubleDate" data-provider="DataProvid" finished-at="2020-05-01T15:36:01 EEST" duration-ms="8507" status="FAIL">
          <params>
            <param index="0">
              <value>
                <![CDATA[Carl]]>
              </value>
            </param>
            <param index="1">
              <value>
                <![CDATA[guru@mail.ru]]>
              </value>
            </param>
            <param index="2">
              <value>
                <![CDATA[Migel5678]]>
              </value>
            </param>
            <param index="3">
              <value>
                <![CDATA[Migel5678]]>
              </value>
            </param>
          </params>
          <exception class="java.lang.AssertionError">
            <message>
              <![CDATA[expected [https://learn.letskodeit.com/] but found [https://sso.teachable.com/secure/42299/users?flow_school_id=42299]]]>
            </message>
            <full-stacktrace>
              <![CDATA[java.lang.AssertionError: expected [https://learn.letskodeit.com/] but found [https://sso.teachable.com/secure/42299/users?flow_school_id=42299]
at org.testng.Assert.fail(Assert.java:97)
at org.testng.Assert.assertEqualsImpl(Assert.java:136)
at org.testng.Assert.assertEquals(Assert.java:118)
at org.testng.Assert.assertEquals(Assert.java:575)
at org.testng.Assert.assertEquals(Assert.java:585)
at RegistrationTest.testDoubleDate(RegistrationTest.java:57)
at java.base/jdk.internal.reflect.NativeMethodAccessorImpl.invoke0(Native Method)
at java.base/jdk.internal.reflect.NativeMethodAccessorImpl.invoke(NativeMethodAccessorImpl.java:62)
at java.base/jdk.internal.reflect.DelegatingMethodAccessorImpl.invoke(DelegatingMethodAccessorImpl.java:43)
at java.base/java.lang.reflect.Method.invoke(Method.java:567)
at org.testng.internal.MethodInvocationHelper.invokeMethod(MethodInvocationHelper.java:134)
at org.testng.internal.TestInvoker.invokeMethod(TestInvoker.java:597)
at org.testng.internal.TestInvoker.invokeTestMethod(TestInvoker.java:173)
at org.testng.internal.MethodRunner.runInSequence(MethodRunner.java:46)
at org.testng.internal.TestInvoker$MethodInvocationAgent.invoke(TestInvoker.java:816)
at org.testng.internal.TestInvoker.invokeTestMethods(TestInvoker.java:146)
at org.testng.internal.TestMethodWorker.invokeTestMethods(TestMethodWorker.java:146)
at org.testng.internal.TestMethodWorker.run(TestMethodWorker.java:128)
at java.base/java.util.ArrayList.forEach(ArrayList.java:1507)
at org.testng.TestRunner.privateRun(TestRunner.java:766)
at org.testng.TestRunner.run(TestRunner.java:587)
at org.testng.SuiteRunner.runTest(SuiteRunner.java:384)
at org.testng.SuiteRunner.runSequentially(SuiteRunner.java:378)
at org.testng.SuiteRunner.privateRun(SuiteRunner.java:337)
at org.testng.SuiteRunner.run(SuiteRunner.java:286)
at org.testng.SuiteRunnerWorker.runSuite(SuiteRunnerWorker.java:53)
at org.testng.SuiteRunnerWorker.run(SuiteRunnerWorker.java:96)
at org.testng.TestNG.runSuitesSequentially(TestNG.java:1187)
at org.testng.TestNG.runSuitesLocally(TestNG.java:1109)
at org.testng.TestNG.runSuites(TestNG.java:1039)
at org.testng.TestNG.run(TestNG.java:1007)
at com.intellij.rt.testng.IDEARemoteTestNG.run(IDEARemoteTestNG.java:66)
at com.intellij.rt.testng.RemoteTestNGStarter.main(RemoteTestNGStarter.java:110)
]]>
            </full-stacktrace>
          </exception> <!-- java.lang.AssertionError -->
          <reporter-output>
          </reporter-output>
        </test-method> <!-- testDoubleDate -->
        <test-method is-config="true" signature="clouseDriver()[pri:0, instance:RegistrationTest@dbd940d]" started-at="2020-05-01T15:36:01 EEST" name="clouseDriver" finished-at="2020-05-01T15:36:01 EEST" duration-ms="390" status="PASS">
          <reporter-output>
          </reporter-output>
        </test-method> <!-- clouseDriver -->
        <test-method is-config="true" signature="createDriver()[pri:0, instance:RegistrationTest@dbd940d]" started-at="2020-05-01T15:36:01 EEST" name="createDriver" finished-at="2020-05-01T15:36:16 EEST" duration-ms="14975" status="PASS">
          <reporter-output>
          </reporter-output>
        </test-method> <!-- createDriver -->
        <test-method signature="testDoubleDate(java.lang.String, java.lang.String, java.lang.String, java.lang.String)[pri:0, instance:RegistrationTest@dbd940d]" started-at="2020-05-01T15:36:16 EEST" name="testDoubleDate" data-provider="DataProvid" finished-at="2020-05-01T15:36:24 EEST" duration-ms="8037" status="FAIL">
          <params>
            <param index="0">
              <value>
                <![CDATA[Alexey]]>
              </value>
            </param>
            <param index="1">
              <value>
                <![CDATA[misaSupa@gmail.com]]>
              </value>
            </param>
            <param index="2">
              <value>
                <![CDATA[Alexey1234]]>
              </value>
            </param>
            <param index="3">
              <value>
                <![CDATA[Alexey1234]]>
              </value>
            </param>
          </params>
          <exception class="java.lang.AssertionError">
            <message>
              <![CDATA[expected [https://learn.letskodeit.com/] but found [https://sso.teachable.com/secure/42299/users?flow_school_id=42299]]]>
            </message>
            <full-stacktrace>
              <![CDATA[java.lang.AssertionError: expected [https://learn.letskodeit.com/] but found [https://sso.teachable.com/secure/42299/users?flow_school_id=42299]
at org.testng.Assert.fail(Assert.java:97)
at org.testng.Assert.assertEqualsImpl(Assert.java:136)
at org.testng.Assert.assertEquals(Assert.java:118)
at org.testng.Assert.assertEquals(Assert.java:575)
at org.testng.Assert.assertEquals(Assert.java:585)
at RegistrationTest.testDoubleDate(RegistrationTest.java:57)
at java.base/jdk.internal.reflect.NativeMethodAccessorImpl.invoke0(Native Method)
at java.base/jdk.internal.reflect.NativeMethodAccessorImpl.invoke(NativeMethodAccessorImpl.java:62)
at java.base/jdk.internal.reflect.DelegatingMethodAccessorImpl.invoke(DelegatingMethodAccessorImpl.java:43)
at java.base/java.lang.reflect.Method.invoke(Method.java:567)
at org.testng.internal.MethodInvocationHelper.invokeMethod(MethodInvocationHelper.java:134)
at org.testng.internal.TestInvoker.invokeMethod(TestInvoker.java:597)
at org.testng.internal.TestInvoker.invokeTestMethod(TestInvoker.java:173)
at org.testng.internal.MethodRunner.runInSequence(MethodRunner.java:46)
at org.testng.internal.TestInvoker$MethodInvocationAgent.invoke(TestInvoker.java:816)
at org.testng.internal.TestInvoker.invokeTestMethods(TestInvoker.java:146)
at org.testng.internal.TestMethodWorker.invokeTestMethods(TestMethodWorker.java:146)
at org.testng.internal.TestMethodWorker.run(TestMethodWorker.java:128)
at java.base/java.util.ArrayList.forEach(ArrayList.java:1507)
at org.testng.TestRunner.privateRun(TestRunner.java:766)
at org.testng.TestRunner.run(TestRunner.java:587)
at org.testng.SuiteRunner.runTest(SuiteRunner.java:384)
at org.testng.SuiteRunner.runSequentially(SuiteRunner.java:378)
at org.testng.SuiteRunner.privateRun(SuiteRunner.java:337)
at org.testng.SuiteRunner.run(SuiteRunner.java:286)
at org.testng.SuiteRunnerWorker.runSuite(SuiteRunnerWorker.java:53)
at org.testng.SuiteRunnerWorker.run(SuiteRunnerWorker.java:96)
at org.testng.TestNG.runSuitesSequentially(TestNG.java:1187)
at org.testng.TestNG.runSuitesLocally(TestNG.java:1109)
at org.testng.TestNG.runSuites(TestNG.java:1039)
at org.testng.TestNG.run(TestNG.java:1007)
at com.intellij.rt.testng.IDEARemoteTestNG.run(IDEARemoteTestNG.java:66)
at com.intellij.rt.testng.RemoteTestNGStarter.main(RemoteTestNGStarter.java:110)
]]>
            </full-stacktrace>
          </exception> <!-- java.lang.AssertionError -->
          <reporter-output>
          </reporter-output>
        </test-method> <!-- testDoubleDate -->
        <test-method is-config="true" signature="clouseDriver()[pri:0, instance:RegistrationTest@dbd940d]" started-at="2020-05-01T15:36:24 EEST" name="clouseDriver" finished-at="2020-05-01T15:36:25 EEST" duration-ms="862" status="PASS">
          <reporter-output>
          </reporter-output>
        </test-method> <!-- clouseDriver -->
      </class> <!-- RegistrationTest -->
      <class name="HomePageTest">
        <test-method is-config="true" signature="createDriver()[pri:0, instance:HomePageTest@3439f68d]" started-at="2020-05-01T15:34:19 EEST" name="createDriver" finished-at="2020-05-01T15:34:34 EEST" duration-ms="15059" status="PASS">
          <reporter-output>
          </reporter-output>
        </test-method> <!-- createDriver -->
        <test-method signature="testDefaultRadioButton()[pri:0, instance:HomePageTest@3439f68d]" started-at="2020-05-01T15:34:34 EEST" name="testDefaultRadioButton" finished-at="2020-05-01T15:34:37 EEST" duration-ms="2771" status="PASS">
          <reporter-output>
          </reporter-output>
        </test-method> <!-- testDefaultRadioButton -->
        <test-method is-config="true" signature="clouseDriver()[pri:0, instance:HomePageTest@3439f68d]" started-at="2020-05-01T15:34:37 EEST" name="clouseDriver" finished-at="2020-05-01T15:34:38 EEST" duration-ms="448" status="PASS">
          <reporter-output>
          </reporter-output>
        </test-method> <!-- clouseDriver -->
        <test-method is-config="true" signature="createDriver()[pri:0, instance:HomePageTest@3439f68d]" started-at="2020-05-01T15:34:38 EEST" name="createDriver" finished-at="2020-05-01T15:34:49 EEST" duration-ms="11141" status="PASS">
          <reporter-output>
          </reporter-output>
        </test-method> <!-- createDriver -->
        <test-method signature="testDefaultSignIn()[pri:0, instance:HomePageTest@3439f68d]" started-at="2020-05-01T15:34:49 EEST" name="testDefaultSignIn" finished-at="2020-05-01T15:34:54 EEST" duration-ms="5099" status="PASS">
          <reporter-output>
          </reporter-output>
        </test-method> <!-- testDefaultSignIn -->
        <test-method is-config="true" signature="clouseDriver()[pri:0, instance:HomePageTest@3439f68d]" started-at="2020-05-01T15:34:54 EEST" name="clouseDriver" finished-at="2020-05-01T15:34:55 EEST" duration-ms="772" status="PASS">
          <reporter-output>
          </reporter-output>
        </test-method> <!-- clouseDriver -->
        <test-method is-config="true" signature="createDriver()[pri:0, instance:HomePageTest@3439f68d]" started-at="2020-05-01T15:34:55 EEST" name="createDriver" finished-at="2020-05-01T15:35:07 EEST" duration-ms="12290" status="PASS">
          <reporter-output>
          </reporter-output>
        </test-method> <!-- createDriver -->
        <test-method signature="testDefaultselectList()[pri:0, instance:HomePageTest@3439f68d]" started-at="2020-05-01T15:35:07 EEST" name="testDefaultselectList" finished-at="2020-05-01T15:35:10 EEST" duration-ms="2662" status="PASS">
          <reporter-output>
          </reporter-output>
        </test-method> <!-- testDefaultselectList -->
        <test-method is-config="true" signature="clouseDriver()[pri:0, instance:HomePageTest@3439f68d]" started-at="2020-05-01T15:35:10 EEST" name="clouseDriver" finished-at="2020-05-01T15:35:10 EEST" duration-ms="501" status="PASS">
          <reporter-output>
          </reporter-output>
        </test-method> <!-- clouseDriver -->
      </class> <!-- HomePageTest -->
    </test> <!-- C:/Users/Alexandr/IdeaProjects/Homework 6 -->
  </suite> <!-- All Test Suite -->
</testng-results>
